<?xml version="1.0" encoding="UTF-8"?>
<testng-results ignored="0" total="1" passed="1" failed="0" skipped="0">
  <reporter-output>
  </reporter-output>
  <suite started-at="2023-08-04T18:20:59 IST" name="Default suite" finished-at="2023-08-04T18:21:11 IST" duration-ms="12602">
    <groups>
    </groups>
    <test started-at="2023-08-04T18:20:59 IST" name="Default test" finished-at="2023-08-04T18:21:11 IST" duration-ms="12602">
      <class name="irctc_Testcases.Testcases">
        <test-method signature="search()[pri:0, instance:irctc_Testcases.Testcases@692f203f]" started-at="2023-08-04T18:20:59 IST" name="search" finished-at="2023-08-04T18:21:11 IST" duration-ms="12564" status="PASS">
          <reporter-output>
          </reporter-output>
        </test-method> <!-- search -->
      </class> <!-- irctc_Testcases.Testcases -->
    </test> <!-- Default test -->
  </suite> <!-- Default suite -->
</testng-results>
